# JRE version: Java(TM) SE Runtime Environment (8.0_65-b17) (build 1.8.0_65-b17)
# Java VM: Java HotSpot(TM) 64-Bit Server VM (25.65-b01 mixed mode bsd-amd64 compressed oops)
Heap:
 PSYoungGen      total 446464K, used 226657K [0x0000000795580000, 0x00000007b7400000, 0x00000007c0000000)
  eden space 405504K, 55% used [0x0000000795580000,0x00000007a32d8780,0x00000007ae180000)
  from space 40960K, 0% used [0x00000007b0a00000,0x00000007b0a00000,0x00000007b3200000)
  to   space 41472K, 0% used [0x00000007ae180000,0x00000007ae180000,0x00000007b0a00000)
 ParOldGen       total 140288K, used 56758K [0x0000000740000000, 0x0000000748900000, 0x0000000795580000)
  object space 140288K, 40% used [0x0000000740000000,0x000000074376dba0,0x0000000748900000)
 Metaspace       used 44527K, capacity 45114K, committed 45400K, reserved 1089536K
  class space    used 5287K, capacity 5466K, committed 5504K, reserved 1048576K
GC Heap History (10 events):
Event: 9.537 GC heap before
{Heap before GC invocations=13 (full 1):
 PSYoungGen      total 233472K, used 104490K [0x0000000795580000, 0x00000007acc80000, 0x00000007c0000000)
  eden space 202240K, 51% used [0x0000000795580000,0x000000079bb8a8c8,0x00000007a1b00000)
  from space 31232K, 0% used [0x00000007a1b00000,0x00000007a1b00000,0x00000007a3980000)
  to   space 30208K, 0% used [0x00000007aaf00000,0x00000007aaf00000,0x00000007acc80000)
 ParOldGen       total 78336K, used 24447K [0x0000000740000000, 0x0000000744c80000, 0x0000000795580000)
  object space 78336K, 31% used [0x0000000740000000,0x00000007417dfec0,0x0000000744c80000)
 Metaspace       used 34660K, capacity 35174K, committed 35416K, reserved 1081344K
  class space    used 4006K, capacity 4150K, committed 4224K, reserved 1048576K
Event: 9.576 GC heap after
Heap after GC invocations=13 (full 1):
 PSYoungGen      total 317952K, used 13635K [0x0000000795580000, 0x00000007abc80000, 0x00000007c0000000)
  eden space 304128K, 0% used [0x0000000795580000,0x0000000795580000,0x00000007a7e80000)
  from space 13824K, 98% used [0x00000007aaf00000,0x00000007abc50d78,0x00000007abc80000)
  to   space 29184K, 0% used [0x00000007a8380000,0x00000007a8380000,0x00000007aa000000)
 ParOldGen       total 78336K, used 24455K [0x0000000740000000, 0x0000000744c80000, 0x0000000795580000)
  object space 78336K, 31% used [0x0000000740000000,0x00000007417e1ec0,0x0000000744c80000)
 Metaspace       used 34660K, capacity 35174K, committed 35416K, reserved 1081344K
  class space    used 4006K, capacity 4150K, committed 4224K, reserved 1048576K
}
Event: 9.576 GC heap before
{Heap before GC invocations=14 (full 2):
 PSYoungGen      total 317952K, used 13635K [0x0000000795580000, 0x00000007abc80000, 0x00000007c0000000)
  eden space 304128K, 0% used [0x0000000795580000,0x0000000795580000,0x00000007a7e80000)
  from space 13824K, 98% used [0x00000007aaf00000,0x00000007abc50d78,0x00000007abc80000)
  to   space 29184K, 0% used [0x00000007a8380000,0x00000007a8380000,0x00000007aa000000)
 ParOldGen       total 78336K, used 24455K [0x0000000740000000, 0x0000000744c80000, 0x0000000795580000)
  object space 78336K, 31% used [0x0000000740000000,0x00000007417e1ec0,0x0000000744c80000)
 Metaspace       used 34660K, capacity 35174K, committed 35416K, reserved 1081344K
  class space    used 4006K, capacity 4150K, committed 4224K, reserved 1048576K
Event: 9.744 GC heap after
Heap after GC invocations=14 (full 2):
 PSYoungGen      total 317952K, used 0K [0x0000000795580000, 0x00000007abc80000, 0x00000007c0000000)
  eden space 304128K, 0% used [0x0000000795580000,0x0000000795580000,0x00000007a7e80000)
  from space 13824K, 0% used [0x00000007aaf00000,0x00000007aaf00000,0x00000007abc80000)
  to   space 29184K, 0% used [0x00000007a8380000,0x00000007a8380000,0x00000007aa000000)
 ParOldGen       total 95744K, used 27698K [0x0000000740000000, 0x0000000745d80000, 0x0000000795580000)
  object space 95744K, 28% used [0x0000000740000000,0x0000000741b0c838,0x0000000745d80000)
 Metaspace       used 34660K, capacity 35174K, committed 35416K, reserved 1081344K
  class space    used 4006K, capacity 4150K, committed 4224K, reserved 1048576K
}
Event: 227.362 GC heap before
{Heap before GC invocations=15 (full 2):
 PSYoungGen      total 317952K, used 304128K [0x0000000795580000, 0x00000007abc80000, 0x00000007c0000000)
  eden space 304128K, 100% used [0x0000000795580000,0x00000007a7e80000,0x00000007a7e80000)
  from space 13824K, 0% used [0x00000007aaf00000,0x00000007aaf00000,0x00000007abc80000)
  to   space 29184K, 0% used [0x00000007a8380000,0x00000007a8380000,0x00000007aa000000)
 ParOldGen       total 95744K, used 27701K [0x0000000740000000, 0x0000000745d80000, 0x0000000795580000)
  object space 95744K, 28% used [0x0000000740000000,0x0000000741b0d478,0x0000000745d80000)
 Metaspace       used 40306K, capacity 40864K, committed 41304K, reserved 1085440K
  class space    used 4726K, capacity 4872K, committed 4992K, reserved 1048576K
Event: 227.425 GC heap after
Heap after GC invocations=15 (full 2):
 PSYoungGen      total 338432K, used 29159K [0x0000000795580000, 0x00000007b3200000, 0x00000007c0000000)
  eden space 309248K, 0% used [0x0000000795580000,0x0000000795580000,0x00000007a8380000)
  from space 29184K, 99% used [0x00000007a8380000,0x00000007a9ff9d50,0x00000007aa000000)
  to   space 40960K, 0% used [0x00000007b0a00000,0x00000007b0a00000,0x00000007b3200000)
 ParOldGen       total 95744K, used 48503K [0x0000000740000000, 0x0000000745d80000, 0x0000000795580000)
  object space 95744K, 50% used [0x0000000740000000,0x0000000742f5dce0,0x0000000745d80000)
 Metaspace       used 40306K, capacity 40864K, committed 41304K, reserved 1085440K
  class space    used 4726K, capacity 4872K, committed 4992K, reserved 1048576K
}
Event: 227.433 GC heap before
{Heap before GC invocations=16 (full 2):
 PSYoungGen      total 338432K, used 33110K [0x0000000795580000, 0x00000007b3200000, 0x00000007c0000000)
  eden space 309248K, 1% used [0x0000000795580000,0x000000079595be90,0x00000007a8380000)
  from space 29184K, 99% used [0x00000007a8380000,0x00000007a9ff9d50,0x00000007aa000000)
  to   space 40960K, 0% used [0x00000007b0a00000,0x00000007b0a00000,0x00000007b3200000)
 ParOldGen       total 95744K, used 48503K [0x0000000740000000, 0x0000000745d80000, 0x0000000795580000)
  object space 95744K, 50% used [0x0000000740000000,0x0000000742f5dce0,0x0000000745d80000)
 Metaspace       used 40306K, capacity 40864K, committed 41304K, reserved 1085440K
  class space    used 4726K, capacity 4872K, committed 4992K, reserved 1048576K
Event: 227.455 GC heap after
Heap after GC invocations=16 (full 2):
 PSYoungGen      total 446464K, used 288K [0x0000000795580000, 0x00000007b7400000, 0x00000007c0000000)
  eden space 405504K, 0% used [0x0000000795580000,0x0000000795580000,0x00000007ae180000)
  from space 40960K, 0% used [0x00000007b0a00000,0x00000007b0a48000,0x00000007b3200000)
  to   space 41472K, 0% used [0x00000007ae180000,0x00000007ae180000,0x00000007b0a00000)
 ParOldGen       total 95744K, used 78550K [0x0000000740000000, 0x0000000745d80000, 0x0000000795580000)
  object space 95744K, 82% used [0x0000000740000000,0x0000000744cb5970,0x0000000745d80000)
 Metaspace       used 40306K, capacity 40864K, committed 41304K, reserved 1085440K
  class space    used 4726K, capacity 4872K, committed 4992K, reserved 1048576K
}
Event: 227.455 GC heap before
{Heap before GC invocations=17 (full 3):
 PSYoungGen      total 446464K, used 288K [0x0000000795580000, 0x00000007b7400000, 0x00000007c0000000)
  eden space 405504K, 0% used [0x0000000795580000,0x0000000795580000,0x00000007ae180000)
  from space 40960K, 0% used [0x00000007b0a00000,0x00000007b0a48000,0x00000007b3200000)
  to   space 41472K, 0% used [0x00000007ae180000,0x00000007ae180000,0x00000007b0a00000)
 ParOldGen       total 95744K, used 78550K [0x0000000740000000, 0x0000000745d80000, 0x0000000795580000)
  object space 95744K, 82% used [0x0000000740000000,0x0000000744cb5970,0x0000000745d80000)
 Metaspace       used 40306K, capacity 40864K, committed 41304K, reserved 1085440K
  class space    used 4726K, capacity 4872K, committed 4992K, reserved 1048576K
Event: 227.590 GC heap after
Heap after GC invocations=17 (full 3):
 PSYoungGen      total 446464K, used 0K [0x0000000795580000, 0x00000007b7400000, 0x00000007c0000000)
  eden space 405504K, 0% used [0x0000000795580000,0x0000000795580000,0x00000007ae180000)
  from space 40960K, 0% used [0x00000007b0a00000,0x00000007b0a00000,0x00000007b3200000)
  to   space 41472K, 0% used [0x00000007ae180000,0x00000007ae180000,0x00000007b0a00000)
 ParOldGen       total 140288K, used 56758K [0x0000000740000000, 0x0000000748900000, 0x0000000795580000)
  object space 140288K, 40% used [0x0000000740000000,0x000000074376dba0,0x0000000748900000)
 Metaspace       used 40306K, capacity 40864K, committed 41304K, reserved 1085440K
  class space    used 4726K, capacity 4872K, committed 4992K, reserved 1048576K
}

