# JRE version: Java(TM) SE Runtime Environment (7.0_79-b15) (build 1.7.0_79-b15)
# Java VM: Java HotSpot(TM) 64-Bit Server VM (24.79-b02 mixed mode bsd-amd64 compressed oops)
Heap
 PSYoungGen      total 493056K, used 325968K [0x0000000169080000, 0x0000000193b80000, 0x0000000193b80000)
  eden space 382976K, 56% used [0x0000000169080000,0x00000001763c2b90,0x0000000180680000)
  from space 110080K, 99% used [0x0000000180680000,0x0000000187191748,0x0000000187200000)
  to   space 167424K, 0% used [0x0000000189800000,0x0000000189800000,0x0000000193b80000)
 ParOldGen       total 282112K, used 167333K [0x0000000113b80000, 0x0000000124f00000, 0x0000000169080000)
  object space 282112K, 59% used [0x0000000113b80000,0x000000011dee97b0,0x0000000124f00000)
 PSPermGen       total 83968K, used 56710K [0x000000010e980000, 0x0000000113b80000, 0x0000000113b80000)
  object space 83968K, 67% used [0x000000010e980000,0x00000001120e1a98,0x0000000113b80000)
GC Heap History (10 events):
Event: 332.296 GC heap before
{Heap before GC invocations=18 (full 2):
 PSYoungGen      total 477696K, used 477694K [0x0000000169080000, 0x0000000193b80000, 0x0000000193b80000)
  eden space 387072K, 100% used [0x0000000169080000,0x0000000180a80000,0x0000000180a80000)
  from space 90624K, 99% used [0x0000000180a80000,0x00000001862ffb90,0x0000000186300000)
  to   space 110080K, 0% used [0x000000018d000000,0x000000018d000000,0x0000000193b80000)
 ParOldGen       total 201216K, used 127047K [0x0000000113b80000, 0x0000000120000000, 0x0000000169080000)
  object space 201216K, 63% used [0x0000000113b80000,0x000000011b791f80,0x0000000120000000)
 PSPermGen       total 52736K, used 52662K [0x000000010e980000, 0x0000000111d00000, 0x0000000113b80000)
  object space 52736K, 99% used [0x000000010e980000,0x0000000111ced950,0x0000000111d00000)
Event: 332.342 GC heap after
Heap after GC invocations=18 (full 2):
 PSYoungGen      total 594944K, used 28144K [0x0000000169080000, 0x0000000193b80000, 0x0000000193b80000)
  eden space 484864K, 0% used [0x0000000169080000,0x0000000169080000,0x0000000186a00000)
  from space 110080K, 25% used [0x000000018d000000,0x000000018eb7c3b0,0x0000000193b80000)
  to   space 104448K, 0% used [0x0000000186a00000,0x0000000186a00000,0x000000018d000000)
 ParOldGen       total 201216K, used 128976K [0x0000000113b80000, 0x0000000120000000, 0x0000000169080000)
  object space 201216K, 64% used [0x0000000113b80000,0x000000011b9742b8,0x0000000120000000)
 PSPermGen       total 52736K, used 52662K [0x000000010e980000, 0x0000000111d00000, 0x0000000113b80000)
  object space 52736K, 99% used [0x000000010e980000,0x0000000111ced950,0x0000000111d00000)
}
Event: 334.156 GC heap before
{Heap before GC invocations=19 (full 2):
 PSYoungGen      total 594944K, used 513008K [0x0000000169080000, 0x0000000193b80000, 0x0000000193b80000)
  eden space 484864K, 100% used [0x0000000169080000,0x0000000186a00000,0x0000000186a00000)
  from space 110080K, 25% used [0x000000018d000000,0x000000018eb7c3b0,0x0000000193b80000)
  to   space 104448K, 0% used [0x0000000186a00000,0x0000000186a00000,0x000000018d000000)
 ParOldGen       total 201216K, used 128990K [0x0000000113b80000, 0x0000000120000000, 0x0000000169080000)
  object space 201216K, 64% used [0x0000000113b80000,0x000000011b9778c8,0x0000000120000000)
 PSPermGen       total 52736K, used 52690K [0x000000010e980000, 0x0000000111d00000, 0x0000000113b80000)
  object space 52736K, 99% used [0x000000010e980000,0x0000000111cf4910,0x0000000111d00000)
Event: 334.322 GC heap after
Heap after GC invocations=19 (full 2):
 PSYoungGen      total 589312K, used 104425K [0x0000000169080000, 0x0000000193b80000, 0x0000000193b80000)
  eden space 484864K, 0% used [0x0000000169080000,0x0000000169080000,0x0000000186a00000)
  from space 104448K, 99% used [0x0000000186a00000,0x000000018cffa7d0,0x000000018d000000)
  to   space 110080K, 0% used [0x000000018d000000,0x000000018d000000,0x0000000193b80000)
 ParOldGen       total 201216K, used 141458K [0x0000000113b80000, 0x0000000120000000, 0x0000000169080000)
  object space 201216K, 70% used [0x0000000113b80000,0x000000011c5a4808,0x0000000120000000)
 PSPermGen       total 52736K, used 52690K [0x000000010e980000, 0x0000000111d00000, 0x0000000113b80000)
  object space 52736K, 99% used [0x000000010e980000,0x0000000111cf4910,0x0000000111d00000)
}
Event: 335.396 GC heap before
{Heap before GC invocations=20 (full 2):
 PSYoungGen      total 589312K, used 589289K [0x0000000169080000, 0x0000000193b80000, 0x0000000193b80000)
  eden space 484864K, 100% used [0x0000000169080000,0x0000000186a00000,0x0000000186a00000)
  from space 104448K, 99% used [0x0000000186a00000,0x000000018cffa7d0,0x000000018d000000)
  to   space 110080K, 0% used [0x000000018d000000,0x000000018d000000,0x0000000193b80000)
 ParOldGen       total 201216K, used 141462K [0x0000000113b80000, 0x0000000120000000, 0x0000000169080000)
  object space 201216K, 70% used [0x0000000113b80000,0x000000011c5a5b08,0x0000000120000000)
 PSPermGen       total 52736K, used 52693K [0x000000010e980000, 0x0000000111d00000, 0x0000000113b80000)
  object space 52736K, 99% used [0x000000010e980000,0x0000000111cf5750,0x0000000111d00000)
Event: 335.577 GC heap after
Heap after GC invocations=20 (full 2):
 PSYoungGen      total 493056K, used 110060K [0x0000000169080000, 0x0000000193b80000, 0x0000000193b80000)
  eden space 382976K, 0% used [0x0000000169080000,0x0000000169080000,0x0000000180680000)
  from space 110080K, 99% used [0x000000018d000000,0x0000000193b7b1c0,0x0000000193b80000)
  to   space 158208K, 0% used [0x0000000180680000,0x0000000180680000,0x000000018a100000)
 ParOldGen       total 201216K, used 181784K [0x0000000113b80000, 0x0000000120000000, 0x0000000169080000)
  object space 201216K, 90% used [0x0000000113b80000,0x000000011ed06118,0x0000000120000000)
 PSPermGen       total 52736K, used 52693K [0x000000010e980000, 0x0000000111d00000, 0x0000000113b80000)
  object space 52736K, 99% used [0x000000010e980000,0x0000000111cf5750,0x0000000111d00000)
}
Event: 335.577 GC heap before
{Heap before GC invocations=21 (full 3):
 PSYoungGen      total 493056K, used 110060K [0x0000000169080000, 0x0000000193b80000, 0x0000000193b80000)
  eden space 382976K, 0% used [0x0000000169080000,0x0000000169080000,0x0000000180680000)
  from space 110080K, 99% used [0x000000018d000000,0x0000000193b7b1c0,0x0000000193b80000)
  to   space 158208K, 0% used [0x0000000180680000,0x0000000180680000,0x000000018a100000)
 ParOldGen       total 201216K, used 181784K [0x0000000113b80000, 0x0000000120000000, 0x0000000169080000)
  object space 201216K, 90% used [0x0000000113b80000,0x000000011ed06118,0x0000000120000000)
 PSPermGen       total 52736K, used 52693K [0x000000010e980000, 0x0000000111d00000, 0x0000000113b80000)
  object space 52736K, 99% used [0x000000010e980000,0x0000000111cf5750,0x0000000111d00000)
Event: 336.024 GC heap after
Heap after GC invocations=21 (full 3):
 PSYoungGen      total 493056K, used 0K [0x0000000169080000, 0x0000000193b80000, 0x0000000193b80000)
  eden space 382976K, 0% used [0x0000000169080000,0x0000000169080000,0x0000000180680000)
  from space 110080K, 0% used [0x000000018d000000,0x000000018d000000,0x0000000193b80000)
  to   space 158208K, 0% used [0x0000000180680000,0x0000000180680000,0x000000018a100000)
 ParOldGen       total 282112K, used 167333K [0x0000000113b80000, 0x0000000124f00000, 0x0000000169080000)
  object space 282112K, 59% used [0x0000000113b80000,0x000000011dee97b0,0x0000000124f00000)
 PSPermGen       total 83968K, used 52671K [0x000000010e980000, 0x0000000113b80000, 0x0000000113b80000)
  object space 83968K, 62% used [0x000000010e980000,0x0000000111cefeb8,0x0000000113b80000)
}
Event: 336.923 GC heap before
{Heap before GC invocations=22 (full 3):
 PSYoungGen      total 493056K, used 382976K [0x0000000169080000, 0x0000000193b80000, 0x0000000193b80000)
  eden space 382976K, 100% used [0x0000000169080000,0x0000000180680000,0x0000000180680000)
  from space 110080K, 0% used [0x000000018d000000,0x000000018d000000,0x0000000193b80000)
  to   space 158208K, 0% used [0x0000000180680000,0x0000000180680000,0x000000018a100000)
 ParOldGen       total 282112K, used 167333K [0x0000000113b80000, 0x0000000124f00000, 0x0000000169080000)
  object space 282112K, 59% used [0x0000000113b80000,0x000000011dee97b0,0x0000000124f00000)
 PSPermGen       total 83968K, used 52686K [0x000000010e980000, 0x0000000113b80000, 0x0000000113b80000)
  object space 83968K, 62% used [0x000000010e980000,0x0000000111cf3b80,0x0000000113b80000)
Event: 337.032 GC heap after
Heap after GC invocations=22 (full 3):
 PSYoungGen      total 493056K, used 109637K [0x0000000169080000, 0x0000000193b80000, 0x0000000193b80000)
  eden space 382976K, 0% used [0x0000000169080000,0x0000000169080000,0x0000000180680000)
  from space 110080K, 99% used [0x0000000180680000,0x0000000187191748,0x0000000187200000)
  to   space 167424K, 0% used [0x0000000189800000,0x0000000189800000,0x0000000193b80000)
 ParOldGen       total 282112K, used 167333K [0x0000000113b80000, 0x0000000124f00000, 0x0000000169080000)
  object space 282112K, 59% used [0x0000000113b80000,0x000000011dee97b0,0x0000000124f00000)
 PSPermGen       total 83968K, used 52686K [0x000000010e980000, 0x0000000113b80000, 0x0000000113b80000)
  object space 83968K, 62% used [0x000000010e980000,0x0000000111cf3b80,0x0000000113b80000)
}

