# JRE version: Java(TM) SE Runtime Environment (7.0_79-b15) (build 1.7.0_79-b15)
# Java VM: Java HotSpot(TM) 64-Bit Server VM (24.79-b02 mixed mode bsd-amd64 compressed oops)
Heap
 PSYoungGen      total 513024K, used 428404K [0x00000007d5500000, 0x0000000800000000, 0x0000000800000000)
  eden space 351232K, 88% used [0x00000007d5500000,0x00000007e83a17a8,0x00000007eac00000)
  from space 161792K, 73% used [0x00000007f6200000,0x00000007fd5bbb60,0x0000000800000000)
  to   space 174080K, 0% used [0x00000007eac00000,0x00000007eac00000,0x00000007f5600000)
 ParOldGen       total 277504K, used 188026K [0x0000000780000000, 0x0000000790f00000, 0x00000007d5500000)
  object space 277504K, 67% used [0x0000000780000000,0x000000078b79e900,0x0000000790f00000)
 PSPermGen       total 44032K, used 43786K [0x000000077ae00000, 0x000000077d900000, 0x0000000780000000)
  object space 44032K, 99% used [0x000000077ae00000,0x000000077d8c2be0,0x000000077d900000)
GC Heap History (10 events):
Event: 11.674 GC heap before
{Heap before GC invocations=12 (full 2):
 PSYoungGen      total 565248K, used 495616K [0x00000007d5500000, 0x0000000800000000, 0x0000000800000000)
  eden space 495616K, 100% used [0x00000007d5500000,0x00000007f3900000,0x00000007f3900000)
  from space 69632K, 0% used [0x00000007f3900000,0x00000007f3900000,0x00000007f7d00000)
  to   space 107520K, 0% used [0x00000007f9700000,0x00000007f9700000,0x0000000800000000)
 ParOldGen       total 277504K, used 143551K [0x0000000780000000, 0x0000000790f00000, 0x00000007d5500000)
  object space 277504K, 51% used [0x0000000780000000,0x0000000788c2ffb8,0x0000000790f00000)
 PSPermGen       total 41472K, used 20341K [0x000000077ae00000, 0x000000077d680000, 0x0000000780000000)
  object space 41472K, 49% used [0x000000077ae00000,0x000000077c1dd700,0x000000077d680000)
Event: 11.851 GC heap after
Heap after GC invocations=12 (full 2):
 PSYoungGen      total 534528K, used 107516K [0x00000007d5500000, 0x0000000800000000, 0x0000000800000000)
  eden space 427008K, 0% used [0x00000007d5500000,0x00000007d5500000,0x00000007ef600000)
  from space 107520K, 99% used [0x00000007f9700000,0x00000007fffff3b8,0x0000000800000000)
  to   space 136192K, 0% used [0x00000007ef600000,0x00000007ef600000,0x00000007f7b00000)
 ParOldGen       total 277504K, used 168417K [0x0000000780000000, 0x0000000790f00000, 0x00000007d5500000)
  object space 277504K, 60% used [0x0000000780000000,0x000000078a4785e8,0x0000000790f00000)
 PSPermGen       total 41472K, used 20341K [0x000000077ae00000, 0x000000077d680000, 0x0000000780000000)
  object space 41472K, 49% used [0x000000077ae00000,0x000000077c1dd700,0x000000077d680000)
}
Event: 1264.183 GC heap before
{Heap before GC invocations=13 (full 2):
 PSYoungGen      total 534528K, used 534524K [0x00000007d5500000, 0x0000000800000000, 0x0000000800000000)
  eden space 427008K, 100% used [0x00000007d5500000,0x00000007ef600000,0x00000007ef600000)
  from space 107520K, 99% used [0x00000007f9700000,0x00000007fffff3b8,0x0000000800000000)
  to   space 136192K, 0% used [0x00000007ef600000,0x00000007ef600000,0x00000007f7b00000)
 ParOldGen       total 277504K, used 168417K [0x0000000780000000, 0x0000000790f00000, 0x00000007d5500000)
  object space 277504K, 60% used [0x0000000780000000,0x000000078a4785e8,0x0000000790f00000)
 PSPermGen       total 41472K, used 39743K [0x000000077ae00000, 0x000000077d680000, 0x0000000780000000)
  object space 41472K, 95% used [0x000000077ae00000,0x000000077d4cfc28,0x000000077d680000)
Event: 1264.206 GC heap after
Heap after GC invocations=13 (full 2):
 PSYoungGen      total 563200K, used 20128K [0x00000007d5500000, 0x0000000800000000, 0x0000000800000000)
  eden space 427008K, 0% used [0x00000007d5500000,0x00000007d5500000,0x00000007ef600000)
  from space 136192K, 14% used [0x00000007ef600000,0x00000007f09a83e0,0x00000007f7b00000)
  to   space 131584K, 0% used [0x00000007f7f80000,0x00000007f7f80000,0x0000000800000000)
 ParOldGen       total 277504K, used 170219K [0x0000000780000000, 0x0000000790f00000, 0x00000007d5500000)
  object space 277504K, 61% used [0x0000000780000000,0x000000078a63ae88,0x0000000790f00000)
 PSPermGen       total 41472K, used 39743K [0x000000077ae00000, 0x000000077d680000, 0x0000000780000000)
  object space 41472K, 95% used [0x000000077ae00000,0x000000077d4cfc28,0x000000077d680000)
}
Event: 1265.777 GC heap before
{Heap before GC invocations=14 (full 2):
 PSYoungGen      total 563200K, used 447136K [0x00000007d5500000, 0x0000000800000000, 0x0000000800000000)
  eden space 427008K, 100% used [0x00000007d5500000,0x00000007ef600000,0x00000007ef600000)
  from space 136192K, 14% used [0x00000007ef600000,0x00000007f09a83e0,0x00000007f7b00000)
  to   space 131584K, 0% used [0x00000007f7f80000,0x00000007f7f80000,0x0000000800000000)
 ParOldGen       total 277504K, used 170219K [0x0000000780000000, 0x0000000790f00000, 0x00000007d5500000)
  object space 277504K, 61% used [0x0000000780000000,0x000000078a63ae88,0x0000000790f00000)
 PSPermGen       total 41472K, used 39773K [0x000000077ae00000, 0x000000077d680000, 0x0000000780000000)
  object space 41472K, 95% used [0x000000077ae00000,0x000000077d4d74c0,0x000000077d680000)
Event: 1265.965 GC heap after
Heap after GC invocations=14 (full 2):
 PSYoungGen      total 542208K, used 101769K [0x00000007d5500000, 0x0000000800000000, 0x0000000800000000)
  eden space 410624K, 0% used [0x00000007d5500000,0x00000007d5500000,0x00000007ee600000)
  from space 131584K, 77% used [0x00000007f7f80000,0x00000007fe2e24a0,0x0000000800000000)
  to   space 144384K, 0% used [0x00000007ee600000,0x00000007ee600000,0x00000007f7300000)
 ParOldGen       total 277504K, used 170227K [0x0000000780000000, 0x0000000790f00000, 0x00000007d5500000)
  object space 277504K, 61% used [0x0000000780000000,0x000000078a63ce88,0x0000000790f00000)
 PSPermGen       total 41472K, used 39773K [0x000000077ae00000, 0x000000077d680000, 0x0000000780000000)
  object space 41472K, 95% used [0x000000077ae00000,0x000000077d4d74c0,0x000000077d680000)
}
Event: 1266.955 GC heap before
{Heap before GC invocations=15 (full 2):
 PSYoungGen      total 542208K, used 512393K [0x00000007d5500000, 0x0000000800000000, 0x0000000800000000)
  eden space 410624K, 100% used [0x00000007d5500000,0x00000007ee600000,0x00000007ee600000)
  from space 131584K, 77% used [0x00000007f7f80000,0x00000007fe2e24a0,0x0000000800000000)
  to   space 144384K, 0% used [0x00000007ee600000,0x00000007ee600000,0x00000007f7300000)
 ParOldGen       total 277504K, used 170230K [0x0000000780000000, 0x0000000790f00000, 0x00000007d5500000)
  object space 277504K, 61% used [0x0000000780000000,0x000000078a63dba0,0x0000000790f00000)
 PSPermGen       total 41472K, used 39774K [0x000000077ae00000, 0x000000077d680000, 0x0000000780000000)
  object space 41472K, 95% used [0x000000077ae00000,0x000000077d4d7970,0x000000077d680000)
Event: 1267.074 GC heap after
Heap after GC invocations=15 (full 2):
 PSYoungGen      total 532992K, used 122172K [0x00000007d5500000, 0x0000000800000000, 0x0000000800000000)
  eden space 410624K, 0% used [0x00000007d5500000,0x00000007d5500000,0x00000007ee600000)
  from space 122368K, 99% used [0x00000007ee600000,0x00000007f5d4f2b0,0x00000007f5d80000)
  to   space 161792K, 0% used [0x00000007f6200000,0x00000007f6200000,0x0000000800000000)
 ParOldGen       total 277504K, used 181711K [0x0000000780000000, 0x0000000790f00000, 0x00000007d5500000)
  object space 277504K, 65% used [0x0000000780000000,0x000000078b173ed0,0x0000000790f00000)
 PSPermGen       total 41472K, used 39774K [0x000000077ae00000, 0x000000077d680000, 0x0000000780000000)
  object space 41472K, 95% used [0x000000077ae00000,0x000000077d4d7970,0x000000077d680000)
}
Event: 1269.016 GC heap before
{Heap before GC invocations=16 (full 2):
 PSYoungGen      total 532992K, used 532796K [0x00000007d5500000, 0x0000000800000000, 0x0000000800000000)
  eden space 410624K, 100% used [0x00000007d5500000,0x00000007ee600000,0x00000007ee600000)
  from space 122368K, 99% used [0x00000007ee600000,0x00000007f5d4f2b0,0x00000007f5d80000)
  to   space 161792K, 0% used [0x00000007f6200000,0x00000007f6200000,0x0000000800000000)
 ParOldGen       total 277504K, used 181719K [0x0000000780000000, 0x0000000790f00000, 0x00000007d5500000)
  object space 277504K, 65% used [0x0000000780000000,0x000000078b175d68,0x0000000790f00000)
 PSPermGen       total 41472K, used 39792K [0x000000077ae00000, 0x000000077d680000, 0x0000000780000000)
  object space 41472K, 95% used [0x000000077ae00000,0x000000077d4dc2c0,0x000000077d680000)
Event: 1269.261 GC heap after
Heap after GC invocations=16 (full 2):
 PSYoungGen      total 513024K, used 118510K [0x00000007d5500000, 0x0000000800000000, 0x0000000800000000)
  eden space 351232K, 0% used [0x00000007d5500000,0x00000007d5500000,0x00000007eac00000)
  from space 161792K, 73% used [0x00000007f6200000,0x00000007fd5bbb60,0x0000000800000000)
  to   space 174080K, 0% used [0x00000007eac00000,0x00000007eac00000,0x00000007f5600000)
 ParOldGen       total 277504K, used 188026K [0x0000000780000000, 0x0000000790f00000, 0x00000007d5500000)
  object space 277504K, 67% used [0x0000000780000000,0x000000078b79e900,0x0000000790f00000)
 PSPermGen       total 41472K, used 39792K [0x000000077ae00000, 0x000000077d680000, 0x0000000780000000)
  object space 41472K, 95% used [0x000000077ae00000,0x000000077d4dc2c0,0x000000077d680000)
}

